<?xml version="1.0" encoding="UTF-8"?>
<!-- Generated by org.testng.reporters.JUnitReportReporter -->
<testsuite hostname="DESKTOP-T7O8GD5" failures="0" tests="79" name="dsalgo_TestRunner.Runner_testng" time="480.147" errors="0" timestamp="2024-11-07T17:03:13 EST" skipped="0">
  <testcase classname="dsalgo_TestRunner.Runner_testng" name="runScenario" time="4.539"/>
  <testcase classname="dsalgo_TestRunner.Runner_testng" name="runScenario" time="4.534"/>
  <testcase classname="dsalgo_TestRunner.Runner_testng" name="runScenario" time="6.904"/>
  <testcase classname="dsalgo_TestRunner.Runner_testng" name="runScenario" time="6.766"/>
  <testcase classname="dsalgo_TestRunner.Runner_testng" name="runScenario" time="7.027"/>
  <testcase classname="dsalgo_TestRunner.Runner_testng" name="runScenario" time="4.645"/>
  <testcase classname="dsalgo_TestRunner.Runner_testng" name="runScenario" time="5.605"/>
  <testcase classname="dsalgo_TestRunner.Runner_testng" name="runScenario" time="5.231"/>
  <testcase classname="dsalgo_TestRunner.Runner_testng" name="runScenario" time="7.181"/>
  <testcase classname="dsalgo_TestRunner.Runner_testng" name="runScenario" time="6.654"/>
  <testcase classname="dsalgo_TestRunner.Runner_testng" name="runScenario" time="6.861"/>
  <testcase classname="dsalgo_TestRunner.Runner_testng" name="runScenario" time="6.934"/>
  <testcase classname="dsalgo_TestRunner.Runner_testng" name="runScenario" time="6.907"/>
  <testcase classname="dsalgo_TestRunner.Runner_testng" name="runScenario" time="8.995"/>
  <testcase classname="dsalgo_TestRunner.Runner_testng" name="runScenario" time="4.547"/>
  <testcase classname="dsalgo_TestRunner.Runner_testng" name="runScenario" time="5.608"/>
  <testcase classname="dsalgo_TestRunner.Runner_testng" name="runScenario" time="5.542"/>
  <testcase classname="dsalgo_TestRunner.Runner_testng" name="runScenario" time="4.495"/>
  <testcase classname="dsalgo_TestRunner.Runner_testng" name="runScenario" time="6.771"/>
  <testcase classname="dsalgo_TestRunner.Runner_testng" name="runScenario" time="6.944"/>
  <testcase classname="dsalgo_TestRunner.Runner_testng" name="runScenario" time="6.791"/>
  <testcase classname="dsalgo_TestRunner.Runner_testng" name="runScenario" time="5.567"/>
  <testcase classname="dsalgo_TestRunner.Runner_testng" name="runScenario" time="7.192"/>
  <testcase classname="dsalgo_TestRunner.Runner_testng" name="runScenario" time="6.910"/>
  <testcase classname="dsalgo_TestRunner.Runner_testng" name="runScenario" time="4.329"/>
  <testcase classname="dsalgo_TestRunner.Runner_testng" name="runScenario" time="5.703"/>
  <testcase classname="dsalgo_TestRunner.Runner_testng" name="runScenario" time="5.483"/>
  <testcase classname="dsalgo_TestRunner.Runner_testng" name="runScenario" time="4.628"/>
  <testcase classname="dsalgo_TestRunner.Runner_testng" name="runScenario" time="6.896"/>
  <testcase classname="dsalgo_TestRunner.Runner_testng" name="runScenario" time="7.222"/>
  <testcase classname="dsalgo_TestRunner.Runner_testng" name="runScenario" time="4.579"/>
  <testcase classname="dsalgo_TestRunner.Runner_testng" name="runScenario" time="4.572"/>
  <testcase classname="dsalgo_TestRunner.Runner_testng" name="runScenario" time="5.713"/>
  <testcase classname="dsalgo_TestRunner.Runner_testng" name="runScenario" time="7.202"/>
  <testcase classname="dsalgo_TestRunner.Runner_testng" name="runScenario" time="6.295"/>
  <testcase classname="dsalgo_TestRunner.Runner_testng" name="runScenario" time="6.042"/>
  <testcase classname="dsalgo_TestRunner.Runner_testng" name="runScenario" time="8.789"/>
  <testcase classname="dsalgo_TestRunner.Runner_testng" name="runScenario" time="4.166"/>
  <testcase classname="dsalgo_TestRunner.Runner_testng" name="runScenario" time="10.083"/>
  <testcase classname="dsalgo_TestRunner.Runner_testng" name="runScenario" time="5.584"/>
  <testcase classname="dsalgo_TestRunner.Runner_testng" name="runScenario" time="6.648"/>
  <testcase classname="dsalgo_TestRunner.Runner_testng" name="runScenario" time="6.525"/>
  <testcase classname="dsalgo_TestRunner.Runner_testng" name="runScenario" time="4.512"/>
  <testcase classname="dsalgo_TestRunner.Runner_testng" name="runScenario" time="5.368"/>
  <testcase classname="dsalgo_TestRunner.Runner_testng" name="runScenario" time="4.577"/>
  <testcase classname="dsalgo_TestRunner.Runner_testng" name="runScenario" time="6.971"/>
  <testcase classname="dsalgo_TestRunner.Runner_testng" name="runScenario" time="5.646"/>
  <testcase classname="dsalgo_TestRunner.Runner_testng" name="runScenario" time="5.610"/>
  <testcase classname="dsalgo_TestRunner.Runner_testng" name="runScenario" time="7.501"/>
  <testcase classname="dsalgo_TestRunner.Runner_testng" name="runScenario" time="5.658"/>
  <testcase classname="dsalgo_TestRunner.Runner_testng" name="runScenario" time="6.776"/>
  <testcase classname="dsalgo_TestRunner.Runner_testng" name="runScenario" time="5.970"/>
  <testcase classname="dsalgo_TestRunner.Runner_testng" name="runScenario" time="5.641"/>
  <testcase classname="dsalgo_TestRunner.Runner_testng" name="runScenario" time="6.720"/>
  <testcase classname="dsalgo_TestRunner.Runner_testng" name="runScenario" time="5.650"/>
  <testcase classname="dsalgo_TestRunner.Runner_testng" name="runScenario" time="6.157"/>
  <testcase classname="dsalgo_TestRunner.Runner_testng" name="runScenario" time="4.519"/>
  <testcase classname="dsalgo_TestRunner.Runner_testng" name="runScenario" time="4.690"/>
  <testcase classname="dsalgo_TestRunner.Runner_testng" name="runScenario" time="6.694"/>
  <testcase classname="dsalgo_TestRunner.Runner_testng" name="runScenario" time="6.788"/>
  <testcase classname="dsalgo_TestRunner.Runner_testng" name="runScenario" time="6.414"/>
  <testcase classname="dsalgo_TestRunner.Runner_testng" name="runScenario" time="4.449"/>
  <testcase classname="dsalgo_TestRunner.Runner_testng" name="runScenario" time="6.963"/>
  <testcase classname="dsalgo_TestRunner.Runner_testng" name="runScenario" time="6.365"/>
  <testcase classname="dsalgo_TestRunner.Runner_testng" name="runScenario" time="6.871"/>
  <testcase classname="dsalgo_TestRunner.Runner_testng" name="runScenario" time="6.686"/>
  <testcase classname="dsalgo_TestRunner.Runner_testng" name="runScenario" time="5.726"/>
  <testcase classname="dsalgo_TestRunner.Runner_testng" name="runScenario" time="5.619"/>
  <testcase classname="dsalgo_TestRunner.Runner_testng" name="runScenario" time="4.439"/>
  <testcase classname="dsalgo_TestRunner.Runner_testng" name="runScenario" time="6.296"/>
  <testcase classname="dsalgo_TestRunner.Runner_testng" name="runScenario" time="4.649"/>
  <testcase classname="dsalgo_TestRunner.Runner_testng" name="runScenario" time="4.537"/>
  <testcase classname="dsalgo_TestRunner.Runner_testng" name="runScenario" time="5.651"/>
  <testcase classname="dsalgo_TestRunner.Runner_testng" name="runScenario" time="6.914"/>
  <testcase classname="dsalgo_TestRunner.Runner_testng" name="runScenario" time="6.733"/>
  <testcase classname="dsalgo_TestRunner.Runner_testng" name="runScenario" time="6.468"/>
  <testcase classname="dsalgo_TestRunner.Runner_testng" name="runScenario" time="7.275"/>
  <testcase classname="dsalgo_TestRunner.Runner_testng" name="runScenario" time="7.217"/>
  <testcase classname="dsalgo_TestRunner.Runner_testng" name="runScenario" time="5.818"/>
</testsuite> <!-- dsalgo_TestRunner.Runner_testng -->
